0 info it worked if it ends with ok
1 verbose cli [ '/usr/bin/node', '/usr/bin/npm', 'run', 'webpack' ]
2 info using npm@3.5.2
3 info using node@v6.11.4
4 verbose run-script [ 'prewebpack', 'webpack', 'postwebpack' ]
5 info lifecycle poisson-disk-example@1.0.0~prewebpack: poisson-disk-example@1.0.0
6 silly lifecycle poisson-disk-example@1.0.0~prewebpack: no script for prewebpack, continuing
7 info lifecycle poisson-disk-example@1.0.0~webpack: poisson-disk-example@1.0.0
8 verbose lifecycle poisson-disk-example@1.0.0~webpack: unsafe-perm in lifecycle true
9 verbose lifecycle poisson-disk-example@1.0.0~webpack: PATH: /usr/share/npm/bin/node-gyp-bin:/home/guillaume-gomez/code/projects/poisson-disk-example/node_modules/.bin:/home/guillaume-gomez/.rvm/gems/ruby-2.4.1/bin:/home/guillaume-gomez/.rvm/gems/ruby-2.4.1@global/bin:/home/guillaume-gomez/.rvm/rubies/ruby-2.4.1/bin:/usr/local/sbin:/usr/local/bin:/usr/sbin:/usr/bin:/sbin:/bin:/usr/games:/usr/local/games:/snap/bin:/home/guillaume-gomez/.rvm/bin:/home/guillaume-gomez/.rvm/bin
10 verbose lifecycle poisson-disk-example@1.0.0~webpack: CWD: /home/guillaume-gomez/code/projects/poisson-disk-example
11 silly lifecycle poisson-disk-example@1.0.0~webpack: Args: [ '-c', 'webpack' ]
12 silly lifecycle poisson-disk-example@1.0.0~webpack: Returned: code: 1  signal: null
13 info lifecycle poisson-disk-example@1.0.0~webpack: Failed to exec webpack script
14 verbose stack Error: poisson-disk-example@1.0.0 webpack: `webpack`
14 verbose stack Exit status 1
14 verbose stack     at EventEmitter.<anonymous> (/usr/share/npm/lib/utils/lifecycle.js:232:16)
14 verbose stack     at emitTwo (events.js:106:13)
14 verbose stack     at EventEmitter.emit (events.js:191:7)
14 verbose stack     at ChildProcess.<anonymous> (/usr/share/npm/lib/utils/spawn.js:24:14)
14 verbose stack     at emitTwo (events.js:106:13)
14 verbose stack     at ChildProcess.emit (events.js:191:7)
14 verbose stack     at maybeClose (internal/child_process.js:920:16)
14 verbose stack     at Process.ChildProcess._handle.onexit (internal/child_process.js:230:5)
15 verbose pkgid poisson-disk-example@1.0.0
16 verbose cwd /home/guillaume-gomez/code/projects/poisson-disk-example
17 error Linux 4.13.0-36-generic
18 error argv "/usr/bin/node" "/usr/bin/npm" "run" "webpack"
19 error node v6.11.4
20 error npm  v3.5.2
21 error code ELIFECYCLE
22 error poisson-disk-example@1.0.0 webpack: `webpack`
22 error Exit status 1
23 error Failed at the poisson-disk-example@1.0.0 webpack script 'webpack'.
23 error Make sure you have the latest version of node.js and npm installed.
23 error If you do, this is most likely a problem with the poisson-disk-example package,
23 error not with npm itself.
23 error Tell the author that this fails on your system:
23 error     webpack
23 error You can get information on how to open an issue for this project with:
23 error     npm bugs poisson-disk-example
23 error Or if that isn't available, you can get their info via:
23 error     npm owner ls poisson-disk-example
23 error There is likely additional logging output above.
24 verbose exit [ 1, true ]
